app/build/intermediates/manifest_merge_blame_file/debug/processDebugMainManifest/manifest-merger-blame-debug-report.txt
1<?xml version="1.0" encoding="utf-8"?>
2<manifest xmlns:android="http://schemas.android.com/apk/res/android"
3    package="com.tiredcity.app"
4    android:versionCode="1"
5    android:versionName="1.0" >
6
7    <uses-sdk
8        android:minSdkVersion="24"
9        android:targetSdkVersion="35" />
10
11    <!-- ── Permissions ──────────────────────────────────────────────────── -->
12    <uses-permission android:name="android.permission.INTERNET" />
12-->src\main\AndroidManifest.xml:6:5-67
12-->src\main\AndroidManifest.xml:6:22-64
13    <uses-permission android:name="android.permission.CAMERA" />
13-->src\main\AndroidManifest.xml:7:5-65
13-->src\main\AndroidManifest.xml:7:22-62
14    <uses-permission
14-->src\main\AndroidManifest.xml:8:5-9:38
15        android:name="android.permission.READ_EXTERNAL_STORAGE"
15-->src\main\AndroidManifest.xml:8:22-77
16        android:maxSdkVersion="32" />
16-->src\main\AndroidManifest.xml:9:9-35
17    <uses-permission android:name="android.permission.READ_MEDIA_IMAGES" />
17-->src\main\AndroidManifest.xml:10:5-76
17-->src\main\AndroidManifest.xml:10:22-73
18
19    <permission
19-->[androidx.core:core:1.13.1] AndroidManifest.xml:22:5-24:47
20        android:name="com.tiredcity.app.DYNAMIC_RECEIVER_NOT_EXPORTED_PERMISSION"
20-->[androidx.core:core:1.13.1] AndroidManifest.xml:23:9-81
21        android:protectionLevel="signature" />
21-->[androidx.core:core:1.13.1] AndroidManifest.xml:24:9-44
22
23    <uses-permission android:name="com.tiredcity.app.DYNAMIC_RECEIVER_NOT_EXPORTED_PERMISSION" />
23-->[androidx.core:core:1.13.1] AndroidManifest.xml:26:5-97
23-->[androidx.core:core:1.13.1] AndroidManifest.xml:26:22-94
24
25    <application
25-->src\main\AndroidManifest.xml:12:5-131:19
26        android:allowBackup="true"
26-->src\main\AndroidManifest.xml:13:9-35
27        android:appComponentFactory="androidx.core.app.CoreComponentFactory"
27-->[androidx.core:core:1.13.1] AndroidManifest.xml:28:18-86
28        android:debuggable="true"
29        android:extractNativeLibs="false"
30        android:icon="@android:drawable/ic_menu_gallery"
30-->src\main\AndroidManifest.xml:14:9-57
31        android:label="@string/app_name"
31-->src\main\AndroidManifest.xml:15:9-41
32        android:roundIcon="@android:drawable/ic_menu_gallery"
32-->src\main\AndroidManifest.xml:16:9-62
33        android:supportsRtl="true"
33-->src\main\AndroidManifest.xml:17:9-35
34        android:testOnly="true"
35        android:theme="@style/Theme.TiredCity"
35-->src\main\AndroidManifest.xml:18:9-47
36        android:usesCleartextTraffic="true" >
36-->src\main\AndroidManifest.xml:19:9-44
37
38        <!-- ── Launcher ─────────────────────────────────────────────────── -->
39        <activity
39-->src\main\AndroidManifest.xml:23:9-32:20
40            android:name="com.tiredcity.app.ui.onboarding.SplashActivity"
40-->src\main\AndroidManifest.xml:24:13-57
41            android:exported="true"
41-->src\main\AndroidManifest.xml:25:13-36
42            android:screenOrientation="portrait"
42-->src\main\AndroidManifest.xml:27:13-49
43            android:theme="@style/Theme.TiredCity.Splash" >
43-->src\main\AndroidManifest.xml:26:13-58
44            <intent-filter>
44-->src\main\AndroidManifest.xml:28:13-31:29
45                <action android:name="android.intent.action.MAIN" />
45-->src\main\AndroidManifest.xml:29:17-69
45-->src\main\AndroidManifest.xml:29:25-66
46
47                <category android:name="android.intent.category.LAUNCHER" />
47-->src\main\AndroidManifest.xml:30:17-77
47-->src\main\AndroidManifest.xml:30:27-74
48            </intent-filter>
49        </activity>
50
51        <!-- ── Onboarding & Auth ─────────────────────────────────────────── -->
52        <activity
52-->src\main\AndroidManifest.xml:35:9-38:52
53            android:name="com.tiredcity.app.ui.onboarding.OnboardingActivity"
53-->src\main\AndroidManifest.xml:36:13-61
54            android:exported="false"
54-->src\main\AndroidManifest.xml:37:13-37
55            android:screenOrientation="portrait" />
55-->src\main\AndroidManifest.xml:38:13-49
56        <activity
56-->src\main\AndroidManifest.xml:40:9-44:58
57            android:name="com.tiredcity.app.ui.auth.LoginActivity"
57-->src\main\AndroidManifest.xml:41:13-50
58            android:exported="false"
58-->src\main\AndroidManifest.xml:42:13-37
59            android:screenOrientation="portrait"
59-->src\main\AndroidManifest.xml:43:13-49
60            android:windowSoftInputMode="adjustResize" />
60-->src\main\AndroidManifest.xml:44:13-55
61        <activity
61-->src\main\AndroidManifest.xml:46:9-50:58
62            android:name="com.tiredcity.app.ui.auth.RegisterActivity"
62-->src\main\AndroidManifest.xml:47:13-53
63            android:exported="false"
63-->src\main\AndroidManifest.xml:48:13-37
64            android:screenOrientation="portrait"
64-->src\main\AndroidManifest.xml:49:13-49
65            android:windowSoftInputMode="adjustResize" />
65-->src\main\AndroidManifest.xml:50:13-55
66
67        <!-- ── Main shell ────────────────────────────────────────────────── -->
68        <activity
68-->src\main\AndroidManifest.xml:53:9-56:52
69            android:name="com.tiredcity.app.ui.main.MainActivity"
69-->src\main\AndroidManifest.xml:54:13-49
70            android:exported="false"
70-->src\main\AndroidManifest.xml:55:13-37
71            android:screenOrientation="portrait" />
71-->src\main\AndroidManifest.xml:56:13-49
72
73        <!-- ── Shop ──────────────────────────────────────────────────────── -->
74        <activity
74-->src\main\AndroidManifest.xml:59:9-62:52
75            android:name="com.tiredcity.app.ui.shop.ProductDetailActivity"
75-->src\main\AndroidManifest.xml:60:13-58
76            android:exported="false"
76-->src\main\AndroidManifest.xml:61:13-37
77            android:screenOrientation="portrait" />
77-->src\main\AndroidManifest.xml:62:13-49
78        <activity
78-->src\main\AndroidManifest.xml:64:9-68:58
79            android:name="com.tiredcity.app.ui.shop.SearchActivity"
79-->src\main\AndroidManifest.xml:65:13-51
80            android:exported="false"
80-->src\main\AndroidManifest.xml:66:13-37
81            android:screenOrientation="portrait"
81-->src\main\AndroidManifest.xml:67:13-49
82            android:windowSoftInputMode="adjustResize" />
82-->src\main\AndroidManifest.xml:68:13-55
83        <activity
83-->src\main\AndroidManifest.xml:70:9-73:52
84            android:name="com.tiredcity.app.ui.shop.CategoryActivity"
84-->src\main\AndroidManifest.xml:71:13-53
85            android:exported="false"
85-->src\main\AndroidManifest.xml:72:13-37
86            android:screenOrientation="portrait" />
86-->src\main\AndroidManifest.xml:73:13-49
87
88        <!-- ── Cart & Checkout ───────────────────────────────────────────── -->
89        <activity
89-->src\main\AndroidManifest.xml:76:9-79:52
90            android:name="com.tiredcity.app.ui.cart.CartActivity"
90-->src\main\AndroidManifest.xml:77:13-49
91            android:exported="false"
91-->src\main\AndroidManifest.xml:78:13-37
92            android:screenOrientation="portrait" />
92-->src\main\AndroidManifest.xml:79:13-49
93        <activity
93-->src\main\AndroidManifest.xml:81:9-85:58
94            android:name="com.tiredcity.app.ui.cart.PaymentActivity"
94-->src\main\AndroidManifest.xml:82:13-52
95            android:exported="false"
95-->src\main\AndroidManifest.xml:83:13-37
96            android:screenOrientation="portrait"
96-->src\main\AndroidManifest.xml:84:13-49
97            android:windowSoftInputMode="adjustResize" />
97-->src\main\AndroidManifest.xml:85:13-55
98        <activity
98-->src\main\AndroidManifest.xml:87:9-90:52
99            android:name="com.tiredcity.app.ui.cart.OrderSuccessActivity"
99-->src\main\AndroidManifest.xml:88:13-57
100            android:exported="false"
100-->src\main\AndroidManifest.xml:89:13-37
101            android:screenOrientation="portrait" />
101-->src\main\AndroidManifest.xml:90:13-49
102        <activity
102-->src\main\AndroidManifest.xml:92:9-95:52
103            android:name="com.tiredcity.app.ui.cart.OrderTrackingActivity"
103-->src\main\AndroidManifest.xml:93:13-58
104            android:exported="false"
104-->src\main\AndroidManifest.xml:94:13-37
105            android:screenOrientation="portrait" />
105-->src\main\AndroidManifest.xml:95:13-49
106
107        <!-- ── Profile ───────────────────────────────────────────────────── -->
108        <activity
108-->src\main\AndroidManifest.xml:98:9-101:52
109            android:name="com.tiredcity.app.ui.profile.ProfileActivity"
109-->src\main\AndroidManifest.xml:99:13-55
110            android:exported="false"
110-->src\main\AndroidManifest.xml:100:13-37
111            android:screenOrientation="portrait" />
111-->src\main\AndroidManifest.xml:101:13-49
112        <activity
112-->src\main\AndroidManifest.xml:103:9-107:58
113            android:name="com.tiredcity.app.ui.profile.EditProfileActivity"
113-->src\main\AndroidManifest.xml:104:13-59
114            android:exported="false"
114-->src\main\AndroidManifest.xml:105:13-37
115            android:screenOrientation="portrait"
115-->src\main\AndroidManifest.xml:106:13-49
116            android:windowSoftInputMode="adjustResize" />
116-->src\main\AndroidManifest.xml:107:13-55
117        <activity
117-->src\main\AndroidManifest.xml:109:9-112:52
118            android:name="com.tiredcity.app.ui.profile.OrderHistoryActivity"
118-->src\main\AndroidManifest.xml:110:13-60
119            android:exported="false"
119-->src\main\AndroidManifest.xml:111:13-37
120            android:screenOrientation="portrait" />
120-->src\main\AndroidManifest.xml:112:13-49
121        <activity
121-->src\main\AndroidManifest.xml:114:9-117:52
122            android:name="com.tiredcity.app.ui.profile.WardrobeActivity"
122-->src\main\AndroidManifest.xml:115:13-56
123            android:exported="false"
123-->src\main\AndroidManifest.xml:116:13-37
124            android:screenOrientation="portrait" />
124-->src\main\AndroidManifest.xml:117:13-49
125
126        <!-- ── Styling / AI ──────────────────────────────────────────────── -->
127        <activity
127-->src\main\AndroidManifest.xml:120:9-123:52
128            android:name="com.tiredcity.app.ui.styling.AiStylingActivity"
128-->src\main\AndroidManifest.xml:121:13-57
129            android:exported="false"
129-->src\main\AndroidManifest.xml:122:13-37
130            android:screenOrientation="portrait" />
130-->src\main\AndroidManifest.xml:123:13-49
131        <activity
131-->src\main\AndroidManifest.xml:125:9-129:58
132            android:name="com.tiredcity.app.ui.styling.ChatBotActivity"
132-->src\main\AndroidManifest.xml:126:13-55
133            android:exported="false"
133-->src\main\AndroidManifest.xml:127:13-37
134            android:screenOrientation="portrait"
134-->src\main\AndroidManifest.xml:128:13-49
135            android:windowSoftInputMode="adjustResize" />
135-->src\main\AndroidManifest.xml:129:13-55
136        <activity
136-->[androidx.compose.ui:ui-tooling:1.4.0] AndroidManifest.xml:23:9-25:39
137            android:name="androidx.compose.ui.tooling.PreviewActivity"
137-->[androidx.compose.ui:ui-tooling:1.4.0] AndroidManifest.xml:24:13-71
138            android:exported="true" />
138-->[androidx.compose.ui:ui-tooling:1.4.0] AndroidManifest.xml:25:13-36
139
140        <provider
140-->[androidx.emoji2:emoji2:1.3.0] AndroidManifest.xml:24:9-32:20
141            android:name="androidx.startup.InitializationProvider"
141-->[androidx.emoji2:emoji2:1.3.0] AndroidManifest.xml:25:13-67
142            android:authorities="com.tiredcity.app.androidx-startup"
142-->[androidx.emoji2:emoji2:1.3.0] AndroidManifest.xml:26:13-68
143            android:exported="false" >
143-->[androidx.emoji2:emoji2:1.3.0] AndroidManifest.xml:27:13-37
144            <meta-data
144-->[androidx.emoji2:emoji2:1.3.0] AndroidManifest.xml:29:13-31:52
145                android:name="androidx.emoji2.text.EmojiCompatInitializer"
145-->[androidx.emoji2:emoji2:1.3.0] AndroidManifest.xml:30:17-75
146                android:value="androidx.startup" />
146-->[androidx.emoji2:emoji2:1.3.0] AndroidManifest.xml:31:17-49
147            <meta-data
147-->[androidx.lifecycle:lifecycle-process:2.6.2] AndroidManifest.xml:29:13-31:52
148                android:name="androidx.lifecycle.ProcessLifecycleInitializer"
148-->[androidx.lifecycle:lifecycle-process:2.6.2] AndroidManifest.xml:30:17-78
149                android:value="androidx.startup" />
149-->[androidx.lifecycle:lifecycle-process:2.6.2] AndroidManifest.xml:31:17-49
150            <meta-data
150-->[androidx.profileinstaller:profileinstaller:1.3.1] AndroidManifest.xml:29:13-31:52
151                android:name="androidx.profileinstaller.ProfileInstallerInitializer"
151-->[androidx.profileinstaller:profileinstaller:1.3.1] AndroidManifest.xml:30:17-85
152                android:value="androidx.startup" />
152-->[androidx.profileinstaller:profileinstaller:1.3.1] AndroidManifest.xml:31:17-49
153        </provider>
154
155        <uses-library
155-->[androidx.window:window:1.0.0] AndroidManifest.xml:25:9-27:40
156            android:name="androidx.window.extensions"
156-->[androidx.window:window:1.0.0] AndroidManifest.xml:26:13-54
157            android:required="false" />
157-->[androidx.window:window:1.0.0] AndroidManifest.xml:27:13-37
158        <uses-library
158-->[androidx.window:window:1.0.0] AndroidManifest.xml:28:9-30:40
159            android:name="androidx.window.sidecar"
159-->[androidx.window:window:1.0.0] AndroidManifest.xml:29:13-51
160            android:required="false" />
160-->[androidx.window:window:1.0.0] AndroidManifest.xml:30:13-37
161
162        <receiver
162-->[androidx.profileinstaller:profileinstaller:1.3.1] AndroidManifest.xml:34:9-52:20
163            android:name="androidx.profileinstaller.ProfileInstallReceiver"
163-->[androidx.profileinstaller:profileinstaller:1.3.1] AndroidManifest.xml:35:13-76
164            android:directBootAware="false"
164-->[androidx.profileinstaller:profileinstaller:1.3.1] AndroidManifest.xml:36:13-44
165            android:enabled="true"
165-->[androidx.profileinstaller:profileinstaller:1.3.1] AndroidManifest.xml:37:13-35
166            android:exported="true"
166-->[androidx.profileinstaller:profileinstaller:1.3.1] AndroidManifest.xml:38:13-36
167            android:permission="android.permission.DUMP" >
167-->[androidx.profileinstaller:profileinstaller:1.3.1] AndroidManifest.xml:39:13-57
168            <intent-filter>
168-->[androidx.profileinstaller:profileinstaller:1.3.1] AndroidManifest.xml:40:13-42:29
169                <action android:name="androidx.profileinstaller.action.INSTALL_PROFILE" />
169-->[androidx.profileinstaller:profileinstaller:1.3.1] AndroidManifest.xml:41:17-91
169-->[androidx.profileinstaller:profileinstaller:1.3.1] AndroidManifest.xml:41:25-88
170            </intent-filter>
171            <intent-filter>
171-->[androidx.profileinstaller:profileinstaller:1.3.1] AndroidManifest.xml:43:13-45:29
172                <action android:name="androidx.profileinstaller.action.SKIP_FILE" />
172-->[androidx.profileinstaller:profileinstaller:1.3.1] AndroidManifest.xml:44:17-85
172-->[androidx.profileinstaller:profileinstaller:1.3.1] AndroidManifest.xml:44:25-82
173            </intent-filter>
174            <intent-filter>
174-->[androidx.profileinstaller:profileinstaller:1.3.1] AndroidManifest.xml:46:13-48:29
175                <action android:name="androidx.profileinstaller.action.SAVE_PROFILE" />
175-->[androidx.profileinstaller:profileinstaller:1.3.1] AndroidManifest.xml:47:17-88
175-->[androidx.profileinstaller:profileinstaller:1.3.1] AndroidManifest.xml:47:25-85
176            </intent-filter>
177            <intent-filter>
177-->[androidx.profileinstaller:profileinstaller:1.3.1] AndroidManifest.xml:49:13-51:29
178                <action android:name="androidx.profileinstaller.action.BENCHMARK_OPERATION" />
178-->[androidx.profileinstaller:profileinstaller:1.3.1] AndroidManifest.xml:50:17-95
178-->[androidx.profileinstaller:profileinstaller:1.3.1] AndroidManifest.xml:50:25-92
179            </intent-filter>
180        </receiver>
181    </application>
182
183</manifest>